<?xml version="1.0" encoding="UTF-8"?>
<testsuite xmlns:xsi="http://www.w3.org/2001/XMLSchema-instance" xsi:noNamespaceSchemaLocation="https://maven.apache.org/surefire/maven-surefire-plugin/xsd/surefire-test-report.xsd" name="com.example.sso.SsoApplicationTests" time="5.151" tests="1" errors="0" skipped="0" failures="0">
  <properties>
    <property name="sun.desktop" value="windows"/>
    <property name="awt.toolkit" value="sun.awt.windows.WToolkit"/>
    <property name="file.encoding.pkg" value="sun.io"/>
    <property name="java.specification.version" value="1.8"/>
    <property name="sun.cpu.isalist" value="amd64"/>
    <property name="sun.jnu.encoding" value="GBK"/>
    <property name="java.class.path" value="D:\IdeaWorkspace\trista\sso\target\test-classes;D:\IdeaWorkspace\trista\sso\target\classes;d:\maven\org\springframework\boot\spring-boot-starter-data-redis\2.2.6.RELEASE\spring-boot-starter-data-redis-2.2.6.RELEASE.jar;d:\maven\org\springframework\boot\spring-boot-starter\2.2.6.RELEASE\spring-boot-starter-2.2.6.RELEASE.jar;d:\maven\org\springframework\boot\spring-boot\2.2.6.RELEASE\spring-boot-2.2.6.RELEASE.jar;d:\maven\org\springframework\boot\spring-boot-starter-logging\2.2.6.RELEASE\spring-boot-starter-logging-2.2.6.RELEASE.jar;d:\maven\ch\qos\logback\logback-classic\1.2.3\logback-classic-1.2.3.jar;d:\maven\ch\qos\logback\logback-core\1.2.3\logback-core-1.2.3.jar;d:\maven\org\apache\logging\log4j\log4j-to-slf4j\2.12.1\log4j-to-slf4j-2.12.1.jar;d:\maven\org\apache\logging\log4j\log4j-api\2.12.1\log4j-api-2.12.1.jar;d:\maven\org\slf4j\jul-to-slf4j\1.7.30\jul-to-slf4j-1.7.30.jar;d:\maven\jakarta\annotation\jakarta.annotation-api\1.3.5\jakarta.annotation-api-1.3.5.jar;d:\maven\org\yaml\snakeyaml\1.25\snakeyaml-1.25.jar;d:\maven\org\springframework\data\spring-data-redis\2.2.6.RELEASE\spring-data-redis-2.2.6.RELEASE.jar;d:\maven\org\springframework\data\spring-data-keyvalue\2.2.6.RELEASE\spring-data-keyvalue-2.2.6.RELEASE.jar;d:\maven\org\springframework\data\spring-data-commons\2.2.6.RELEASE\spring-data-commons-2.2.6.RELEASE.jar;d:\maven\org\springframework\spring-tx\5.2.5.RELEASE\spring-tx-5.2.5.RELEASE.jar;d:\maven\org\springframework\spring-oxm\5.2.5.RELEASE\spring-oxm-5.2.5.RELEASE.jar;d:\maven\org\springframework\spring-aop\5.2.5.RELEASE\spring-aop-5.2.5.RELEASE.jar;d:\maven\org\springframework\spring-context-support\5.2.5.RELEASE\spring-context-support-5.2.5.RELEASE.jar;d:\maven\org\slf4j\slf4j-api\1.7.30\slf4j-api-1.7.30.jar;d:\maven\io\lettuce\lettuce-core\5.2.2.RELEASE\lettuce-core-5.2.2.RELEASE.jar;d:\maven\io\netty\netty-common\4.1.48.Final\netty-common-4.1.48.Final.jar;d:\maven\io\netty\netty-handler\4.1.48.Final\netty-handler-4.1.48.Final.jar;d:\maven\io\netty\netty-resolver\4.1.48.Final\netty-resolver-4.1.48.Final.jar;d:\maven\io\netty\netty-buffer\4.1.48.Final\netty-buffer-4.1.48.Final.jar;d:\maven\io\netty\netty-codec\4.1.48.Final\netty-codec-4.1.48.Final.jar;d:\maven\io\netty\netty-transport\4.1.48.Final\netty-transport-4.1.48.Final.jar;d:\maven\io\projectreactor\reactor-core\3.3.4.RELEASE\reactor-core-3.3.4.RELEASE.jar;d:\maven\org\reactivestreams\reactive-streams\1.0.3\reactive-streams-1.0.3.jar;d:\maven\org\springframework\boot\spring-boot-starter-web\2.2.6.RELEASE\spring-boot-starter-web-2.2.6.RELEASE.jar;d:\maven\org\springframework\boot\spring-boot-starter-json\2.2.6.RELEASE\spring-boot-starter-json-2.2.6.RELEASE.jar;d:\maven\com\fasterxml\jackson\datatype\jackson-datatype-jdk8\2.10.3\jackson-datatype-jdk8-2.10.3.jar;d:\maven\com\fasterxml\jackson\datatype\jackson-datatype-jsr310\2.10.3\jackson-datatype-jsr310-2.10.3.jar;d:\maven\com\fasterxml\jackson\module\jackson-module-parameter-names\2.10.3\jackson-module-parameter-names-2.10.3.jar;d:\maven\org\springframework\boot\spring-boot-starter-tomcat\2.2.6.RELEASE\spring-boot-starter-tomcat-2.2.6.RELEASE.jar;d:\maven\org\apache\tomcat\embed\tomcat-embed-core\9.0.33\tomcat-embed-core-9.0.33.jar;d:\maven\org\apache\tomcat\embed\tomcat-embed-el\9.0.33\tomcat-embed-el-9.0.33.jar;d:\maven\org\apache\tomcat\embed\tomcat-embed-websocket\9.0.33\tomcat-embed-websocket-9.0.33.jar;d:\maven\org\springframework\boot\spring-boot-starter-validation\2.2.6.RELEASE\spring-boot-starter-validation-2.2.6.RELEASE.jar;d:\maven\jakarta\validation\jakarta.validation-api\2.0.2\jakarta.validation-api-2.0.2.jar;d:\maven\org\hibernate\validator\hibernate-validator\6.0.18.Final\hibernate-validator-6.0.18.Final.jar;d:\maven\org\jboss\logging\jboss-logging\3.4.1.Final\jboss-logging-3.4.1.Final.jar;d:\maven\com\fasterxml\classmate\1.5.1\classmate-1.5.1.jar;d:\maven\org\springframework\spring-web\5.2.5.RELEASE\spring-web-5.2.5.RELEASE.jar;d:\maven\org\springframework\spring-beans\5.2.5.RELEASE\spring-beans-5.2.5.RELEASE.jar;d:\maven\org\springframework\spring-webmvc\5.2.5.RELEASE\spring-webmvc-5.2.5.RELEASE.jar;d:\maven\org\springframework\spring-context\5.2.5.RELEASE\spring-context-5.2.5.RELEASE.jar;d:\maven\org\springframework\spring-expression\5.2.5.RELEASE\spring-expression-5.2.5.RELEASE.jar;d:\maven\org\projectlombok\lombok\1.18.12\lombok-1.18.12.jar;d:\maven\org\springframework\boot\spring-boot-starter-test\2.2.6.RELEASE\spring-boot-starter-test-2.2.6.RELEASE.jar;d:\maven\org\springframework\boot\spring-boot-test\2.2.6.RELEASE\spring-boot-test-2.2.6.RELEASE.jar;d:\maven\org\springframework\boot\spring-boot-test-autoconfigure\2.2.6.RELEASE\spring-boot-test-autoconfigure-2.2.6.RELEASE.jar;d:\maven\com\jayway\jsonpath\json-path\2.4.0\json-path-2.4.0.jar;d:\maven\net\minidev\json-smart\2.3\json-smart-2.3.jar;d:\maven\net\minidev\accessors-smart\1.2\accessors-smart-1.2.jar;d:\maven\org\ow2\asm\asm\5.0.4\asm-5.0.4.jar;d:\maven\jakarta\xml\bind\jakarta.xml.bind-api\2.3.3\jakarta.xml.bind-api-2.3.3.jar;d:\maven\jakarta\activation\jakarta.activation-api\1.2.2\jakarta.activation-api-1.2.2.jar;d:\maven\org\junit\jupiter\junit-jupiter\5.5.2\junit-jupiter-5.5.2.jar;d:\maven\org\junit\jupiter\junit-jupiter-api\5.5.2\junit-jupiter-api-5.5.2.jar;d:\maven\org\apiguardian\apiguardian-api\1.1.0\apiguardian-api-1.1.0.jar;d:\maven\org\opentest4j\opentest4j\1.2.0\opentest4j-1.2.0.jar;d:\maven\org\junit\platform\junit-platform-commons\1.5.2\junit-platform-commons-1.5.2.jar;d:\maven\org\junit\jupiter\junit-jupiter-params\5.5.2\junit-jupiter-params-5.5.2.jar;d:\maven\org\junit\jupiter\junit-jupiter-engine\5.5.2\junit-jupiter-engine-5.5.2.jar;d:\maven\org\junit\platform\junit-platform-engine\1.5.2\junit-platform-engine-1.5.2.jar;d:\maven\org\mockito\mockito-junit-jupiter\3.1.0\mockito-junit-jupiter-3.1.0.jar;d:\maven\org\assertj\assertj-core\3.13.2\assertj-core-3.13.2.jar;d:\maven\org\hamcrest\hamcrest\2.1\hamcrest-2.1.jar;d:\maven\org\mockito\mockito-core\3.1.0\mockito-core-3.1.0.jar;d:\maven\net\bytebuddy\byte-buddy\1.10.8\byte-buddy-1.10.8.jar;d:\maven\net\bytebuddy\byte-buddy-agent\1.10.8\byte-buddy-agent-1.10.8.jar;d:\maven\org\objenesis\objenesis\2.6\objenesis-2.6.jar;d:\maven\org\skyscreamer\jsonassert\1.5.0\jsonassert-1.5.0.jar;d:\maven\com\vaadin\external\google\android-json\0.0.20131108.vaadin1\android-json-0.0.20131108.vaadin1.jar;d:\maven\org\springframework\spring-core\5.2.5.RELEASE\spring-core-5.2.5.RELEASE.jar;d:\maven\org\springframework\spring-jcl\5.2.5.RELEASE\spring-jcl-5.2.5.RELEASE.jar;d:\maven\org\springframework\spring-test\5.2.5.RELEASE\spring-test-5.2.5.RELEASE.jar;d:\maven\org\xmlunit\xmlunit-core\2.6.4\xmlunit-core-2.6.4.jar;d:\maven\com\auth0\java-jwt\3.7.0\java-jwt-3.7.0.jar;d:\maven\com\fasterxml\jackson\core\jackson-databind\2.10.3\jackson-databind-2.10.3.jar;d:\maven\com\fasterxml\jackson\core\jackson-annotations\2.10.3\jackson-annotations-2.10.3.jar;d:\maven\com\fasterxml\jackson\core\jackson-core\2.10.3\jackson-core-2.10.3.jar;d:\maven\commons-codec\commons-codec\1.13\commons-codec-1.13.jar;d:\maven\io\jsonwebtoken\jjwt\0.6.0\jjwt-0.6.0.jar;d:\maven\org\apache\shiro\shiro-spring-boot-web-starter\1.5.2\shiro-spring-boot-web-starter-1.5.2.jar;d:\maven\org\apache\shiro\shiro-spring-boot-starter\1.5.2\shiro-spring-boot-starter-1.5.2.jar;d:\maven\org\apache\shiro\shiro-spring\1.5.2\shiro-spring-1.5.2.jar;d:\maven\org\apache\shiro\shiro-core\1.5.2\shiro-core-1.5.2.jar;d:\maven\org\apache\shiro\shiro-lang\1.5.2\shiro-lang-1.5.2.jar;d:\maven\org\apache\shiro\shiro-cache\1.5.2\shiro-cache-1.5.2.jar;d:\maven\org\apache\shiro\shiro-crypto-hash\1.5.2\shiro-crypto-hash-1.5.2.jar;d:\maven\org\apache\shiro\shiro-crypto-core\1.5.2\shiro-crypto-core-1.5.2.jar;d:\maven\org\apache\shiro\shiro-crypto-cipher\1.5.2\shiro-crypto-cipher-1.5.2.jar;d:\maven\org\apache\shiro\shiro-config-core\1.5.2\shiro-config-core-1.5.2.jar;d:\maven\org\apache\shiro\shiro-config-ogdl\1.5.2\shiro-config-ogdl-1.5.2.jar;d:\maven\commons-beanutils\commons-beanutils\1.9.4\commons-beanutils-1.9.4.jar;d:\maven\commons-collections\commons-collections\3.2.2\commons-collections-3.2.2.jar;d:\maven\org\apache\shiro\shiro-event\1.5.2\shiro-event-1.5.2.jar;d:\maven\org\apache\shiro\shiro-web\1.5.2\shiro-web-1.5.2.jar;d:\maven\org\owasp\encoder\encoder\1.2.2\encoder-1.2.2.jar;d:\maven\org\springframework\boot\spring-boot-autoconfigure\2.2.6.RELEASE\spring-boot-autoconfigure-2.2.6.RELEASE.jar;d:\maven\redis\clients\jedis\2.9.0\jedis-2.9.0.jar;d:\maven\org\apache\commons\commons-pool2\2.7.0\commons-pool2-2.7.0.jar;d:\maven\org\apache\commons\commons-lang3\3.10\commons-lang3-3.10.jar;d:\maven\org\apache\httpcomponents\httpcore\4.4.13\httpcore-4.4.13.jar;d:\maven\com\alibaba\fastjson\1.2.68\fastjson-1.2.68.jar;d:\maven\com\google\guava\guava\29.0-jre\guava-29.0-jre.jar;d:\maven\com\google\guava\failureaccess\1.0.1\failureaccess-1.0.1.jar;d:\maven\com\google\guava\listenablefuture\9999.0-empty-to-avoid-conflict-with-guava\listenablefuture-9999.0-empty-to-avoid-conflict-with-guava.jar;d:\maven\com\google\code\findbugs\jsr305\3.0.2\jsr305-3.0.2.jar;d:\maven\org\checkerframework\checker-qual\2.11.1\checker-qual-2.11.1.jar;d:\maven\com\google\errorprone\error_prone_annotations\2.3.4\error_prone_annotations-2.3.4.jar;d:\maven\com\google\j2objc\j2objc-annotations\1.3\j2objc-annotations-1.3.jar;"/>
    <property name="java.vm.vendor" value="Oracle Corporation"/>
    <property name="sun.arch.data.model" value="64"/>
    <property name="user.variant" value=""/>
    <property name="java.vendor.url" value="http://java.oracle.com/"/>
    <property name="user.timezone" value="Asia/Shanghai"/>
    <property name="java.vm.specification.version" value="1.8"/>
    <property name="os.name" value="Windows 10"/>
    <property name="user.country" value="CN"/>
    <property name="sun.java.launcher" value="SUN_STANDARD"/>
    <property name="sun.boot.library.path" value="D:\Program Files\Java\jdk1.8.0_151\jre\bin"/>
    <property name="sun.java.command" value="C:\Users\ADMINI~1\AppData\Local\Temp\surefire6631067424056572289\surefirebooter4307411212365193714.jar C:\Users\Administrator\AppData\Local\Temp\surefire6631067424056572289 2020-04-25T18-33-50_399-jvmRun1 surefire8836722604245786398tmp surefire_02024686056896154747tmp"/>
    <property name="surefire.test.class.path" value="D:\IdeaWorkspace\trista\sso\target\test-classes;D:\IdeaWorkspace\trista\sso\target\classes;d:\maven\org\springframework\boot\spring-boot-starter-data-redis\2.2.6.RELEASE\spring-boot-starter-data-redis-2.2.6.RELEASE.jar;d:\maven\org\springframework\boot\spring-boot-starter\2.2.6.RELEASE\spring-boot-starter-2.2.6.RELEASE.jar;d:\maven\org\springframework\boot\spring-boot\2.2.6.RELEASE\spring-boot-2.2.6.RELEASE.jar;d:\maven\org\springframework\boot\spring-boot-starter-logging\2.2.6.RELEASE\spring-boot-starter-logging-2.2.6.RELEASE.jar;d:\maven\ch\qos\logback\logback-classic\1.2.3\logback-classic-1.2.3.jar;d:\maven\ch\qos\logback\logback-core\1.2.3\logback-core-1.2.3.jar;d:\maven\org\apache\logging\log4j\log4j-to-slf4j\2.12.1\log4j-to-slf4j-2.12.1.jar;d:\maven\org\apache\logging\log4j\log4j-api\2.12.1\log4j-api-2.12.1.jar;d:\maven\org\slf4j\jul-to-slf4j\1.7.30\jul-to-slf4j-1.7.30.jar;d:\maven\jakarta\annotation\jakarta.annotation-api\1.3.5\jakarta.annotation-api-1.3.5.jar;d:\maven\org\yaml\snakeyaml\1.25\snakeyaml-1.25.jar;d:\maven\org\springframework\data\spring-data-redis\2.2.6.RELEASE\spring-data-redis-2.2.6.RELEASE.jar;d:\maven\org\springframework\data\spring-data-keyvalue\2.2.6.RELEASE\spring-data-keyvalue-2.2.6.RELEASE.jar;d:\maven\org\springframework\data\spring-data-commons\2.2.6.RELEASE\spring-data-commons-2.2.6.RELEASE.jar;d:\maven\org\springframework\spring-tx\5.2.5.RELEASE\spring-tx-5.2.5.RELEASE.jar;d:\maven\org\springframework\spring-oxm\5.2.5.RELEASE\spring-oxm-5.2.5.RELEASE.jar;d:\maven\org\springframework\spring-aop\5.2.5.RELEASE\spring-aop-5.2.5.RELEASE.jar;d:\maven\org\springframework\spring-context-support\5.2.5.RELEASE\spring-context-support-5.2.5.RELEASE.jar;d:\maven\org\slf4j\slf4j-api\1.7.30\slf4j-api-1.7.30.jar;d:\maven\io\lettuce\lettuce-core\5.2.2.RELEASE\lettuce-core-5.2.2.RELEASE.jar;d:\maven\io\netty\netty-common\4.1.48.Final\netty-common-4.1.48.Final.jar;d:\maven\io\netty\netty-handler\4.1.48.Final\netty-handler-4.1.48.Final.jar;d:\maven\io\netty\netty-resolver\4.1.48.Final\netty-resolver-4.1.48.Final.jar;d:\maven\io\netty\netty-buffer\4.1.48.Final\netty-buffer-4.1.48.Final.jar;d:\maven\io\netty\netty-codec\4.1.48.Final\netty-codec-4.1.48.Final.jar;d:\maven\io\netty\netty-transport\4.1.48.Final\netty-transport-4.1.48.Final.jar;d:\maven\io\projectreactor\reactor-core\3.3.4.RELEASE\reactor-core-3.3.4.RELEASE.jar;d:\maven\org\reactivestreams\reactive-streams\1.0.3\reactive-streams-1.0.3.jar;d:\maven\org\springframework\boot\spring-boot-starter-web\2.2.6.RELEASE\spring-boot-starter-web-2.2.6.RELEASE.jar;d:\maven\org\springframework\boot\spring-boot-starter-json\2.2.6.RELEASE\spring-boot-starter-json-2.2.6.RELEASE.jar;d:\maven\com\fasterxml\jackson\datatype\jackson-datatype-jdk8\2.10.3\jackson-datatype-jdk8-2.10.3.jar;d:\maven\com\fasterxml\jackson\datatype\jackson-datatype-jsr310\2.10.3\jackson-datatype-jsr310-2.10.3.jar;d:\maven\com\fasterxml\jackson\module\jackson-module-parameter-names\2.10.3\jackson-module-parameter-names-2.10.3.jar;d:\maven\org\springframework\boot\spring-boot-starter-tomcat\2.2.6.RELEASE\spring-boot-starter-tomcat-2.2.6.RELEASE.jar;d:\maven\org\apache\tomcat\embed\tomcat-embed-core\9.0.33\tomcat-embed-core-9.0.33.jar;d:\maven\org\apache\tomcat\embed\tomcat-embed-el\9.0.33\tomcat-embed-el-9.0.33.jar;d:\maven\org\apache\tomcat\embed\tomcat-embed-websocket\9.0.33\tomcat-embed-websocket-9.0.33.jar;d:\maven\org\springframework\boot\spring-boot-starter-validation\2.2.6.RELEASE\spring-boot-starter-validation-2.2.6.RELEASE.jar;d:\maven\jakarta\validation\jakarta.validation-api\2.0.2\jakarta.validation-api-2.0.2.jar;d:\maven\org\hibernate\validator\hibernate-validator\6.0.18.Final\hibernate-validator-6.0.18.Final.jar;d:\maven\org\jboss\logging\jboss-logging\3.4.1.Final\jboss-logging-3.4.1.Final.jar;d:\maven\com\fasterxml\classmate\1.5.1\classmate-1.5.1.jar;d:\maven\org\springframework\spring-web\5.2.5.RELEASE\spring-web-5.2.5.RELEASE.jar;d:\maven\org\springframework\spring-beans\5.2.5.RELEASE\spring-beans-5.2.5.RELEASE.jar;d:\maven\org\springframework\spring-webmvc\5.2.5.RELEASE\spring-webmvc-5.2.5.RELEASE.jar;d:\maven\org\springframework\spring-context\5.2.5.RELEASE\spring-context-5.2.5.RELEASE.jar;d:\maven\org\springframework\spring-expression\5.2.5.RELEASE\spring-expression-5.2.5.RELEASE.jar;d:\maven\org\projectlombok\lombok\1.18.12\lombok-1.18.12.jar;d:\maven\org\springframework\boot\spring-boot-starter-test\2.2.6.RELEASE\spring-boot-starter-test-2.2.6.RELEASE.jar;d:\maven\org\springframework\boot\spring-boot-test\2.2.6.RELEASE\spring-boot-test-2.2.6.RELEASE.jar;d:\maven\org\springframework\boot\spring-boot-test-autoconfigure\2.2.6.RELEASE\spring-boot-test-autoconfigure-2.2.6.RELEASE.jar;d:\maven\com\jayway\jsonpath\json-path\2.4.0\json-path-2.4.0.jar;d:\maven\net\minidev\json-smart\2.3\json-smart-2.3.jar;d:\maven\net\minidev\accessors-smart\1.2\accessors-smart-1.2.jar;d:\maven\org\ow2\asm\asm\5.0.4\asm-5.0.4.jar;d:\maven\jakarta\xml\bind\jakarta.xml.bind-api\2.3.3\jakarta.xml.bind-api-2.3.3.jar;d:\maven\jakarta\activation\jakarta.activation-api\1.2.2\jakarta.activation-api-1.2.2.jar;d:\maven\org\junit\jupiter\junit-jupiter\5.5.2\junit-jupiter-5.5.2.jar;d:\maven\org\junit\jupiter\junit-jupiter-api\5.5.2\junit-jupiter-api-5.5.2.jar;d:\maven\org\apiguardian\apiguardian-api\1.1.0\apiguardian-api-1.1.0.jar;d:\maven\org\opentest4j\opentest4j\1.2.0\opentest4j-1.2.0.jar;d:\maven\org\junit\platform\junit-platform-commons\1.5.2\junit-platform-commons-1.5.2.jar;d:\maven\org\junit\jupiter\junit-jupiter-params\5.5.2\junit-jupiter-params-5.5.2.jar;d:\maven\org\junit\jupiter\junit-jupiter-engine\5.5.2\junit-jupiter-engine-5.5.2.jar;d:\maven\org\junit\platform\junit-platform-engine\1.5.2\junit-platform-engine-1.5.2.jar;d:\maven\org\mockito\mockito-junit-jupiter\3.1.0\mockito-junit-jupiter-3.1.0.jar;d:\maven\org\assertj\assertj-core\3.13.2\assertj-core-3.13.2.jar;d:\maven\org\hamcrest\hamcrest\2.1\hamcrest-2.1.jar;d:\maven\org\mockito\mockito-core\3.1.0\mockito-core-3.1.0.jar;d:\maven\net\bytebuddy\byte-buddy\1.10.8\byte-buddy-1.10.8.jar;d:\maven\net\bytebuddy\byte-buddy-agent\1.10.8\byte-buddy-agent-1.10.8.jar;d:\maven\org\objenesis\objenesis\2.6\objenesis-2.6.jar;d:\maven\org\skyscreamer\jsonassert\1.5.0\jsonassert-1.5.0.jar;d:\maven\com\vaadin\external\google\android-json\0.0.20131108.vaadin1\android-json-0.0.20131108.vaadin1.jar;d:\maven\org\springframework\spring-core\5.2.5.RELEASE\spring-core-5.2.5.RELEASE.jar;d:\maven\org\springframework\spring-jcl\5.2.5.RELEASE\spring-jcl-5.2.5.RELEASE.jar;d:\maven\org\springframework\spring-test\5.2.5.RELEASE\spring-test-5.2.5.RELEASE.jar;d:\maven\org\xmlunit\xmlunit-core\2.6.4\xmlunit-core-2.6.4.jar;d:\maven\com\auth0\java-jwt\3.7.0\java-jwt-3.7.0.jar;d:\maven\com\fasterxml\jackson\core\jackson-databind\2.10.3\jackson-databind-2.10.3.jar;d:\maven\com\fasterxml\jackson\core\jackson-annotations\2.10.3\jackson-annotations-2.10.3.jar;d:\maven\com\fasterxml\jackson\core\jackson-core\2.10.3\jackson-core-2.10.3.jar;d:\maven\commons-codec\commons-codec\1.13\commons-codec-1.13.jar;d:\maven\io\jsonwebtoken\jjwt\0.6.0\jjwt-0.6.0.jar;d:\maven\org\apache\shiro\shiro-spring-boot-web-starter\1.5.2\shiro-spring-boot-web-starter-1.5.2.jar;d:\maven\org\apache\shiro\shiro-spring-boot-starter\1.5.2\shiro-spring-boot-starter-1.5.2.jar;d:\maven\org\apache\shiro\shiro-spring\1.5.2\shiro-spring-1.5.2.jar;d:\maven\org\apache\shiro\shiro-core\1.5.2\shiro-core-1.5.2.jar;d:\maven\org\apache\shiro\shiro-lang\1.5.2\shiro-lang-1.5.2.jar;d:\maven\org\apache\shiro\shiro-cache\1.5.2\shiro-cache-1.5.2.jar;d:\maven\org\apache\shiro\shiro-crypto-hash\1.5.2\shiro-crypto-hash-1.5.2.jar;d:\maven\org\apache\shiro\shiro-crypto-core\1.5.2\shiro-crypto-core-1.5.2.jar;d:\maven\org\apache\shiro\shiro-crypto-cipher\1.5.2\shiro-crypto-cipher-1.5.2.jar;d:\maven\org\apache\shiro\shiro-config-core\1.5.2\shiro-config-core-1.5.2.jar;d:\maven\org\apache\shiro\shiro-config-ogdl\1.5.2\shiro-config-ogdl-1.5.2.jar;d:\maven\commons-beanutils\commons-beanutils\1.9.4\commons-beanutils-1.9.4.jar;d:\maven\commons-collections\commons-collections\3.2.2\commons-collections-3.2.2.jar;d:\maven\org\apache\shiro\shiro-event\1.5.2\shiro-event-1.5.2.jar;d:\maven\org\apache\shiro\shiro-web\1.5.2\shiro-web-1.5.2.jar;d:\maven\org\owasp\encoder\encoder\1.2.2\encoder-1.2.2.jar;d:\maven\org\springframework\boot\spring-boot-autoconfigure\2.2.6.RELEASE\spring-boot-autoconfigure-2.2.6.RELEASE.jar;d:\maven\redis\clients\jedis\2.9.0\jedis-2.9.0.jar;d:\maven\org\apache\commons\commons-pool2\2.7.0\commons-pool2-2.7.0.jar;d:\maven\org\apache\commons\commons-lang3\3.10\commons-lang3-3.10.jar;d:\maven\org\apache\httpcomponents\httpcore\4.4.13\httpcore-4.4.13.jar;d:\maven\com\alibaba\fastjson\1.2.68\fastjson-1.2.68.jar;d:\maven\com\google\guava\guava\29.0-jre\guava-29.0-jre.jar;d:\maven\com\google\guava\failureaccess\1.0.1\failureaccess-1.0.1.jar;d:\maven\com\google\guava\listenablefuture\9999.0-empty-to-avoid-conflict-with-guava\listenablefuture-9999.0-empty-to-avoid-conflict-with-guava.jar;d:\maven\com\google\code\findbugs\jsr305\3.0.2\jsr305-3.0.2.jar;d:\maven\org\checkerframework\checker-qual\2.11.1\checker-qual-2.11.1.jar;d:\maven\com\google\errorprone\error_prone_annotations\2.3.4\error_prone_annotations-2.3.4.jar;d:\maven\com\google\j2objc\j2objc-annotations\1.3\j2objc-annotations-1.3.jar;"/>
    <property name="sun.cpu.endian" value="little"/>
    <property name="user.home" value="C:\Users\Administrator"/>
    <property name="user.language" value="zh"/>
    <property name="java.specification.vendor" value="Oracle Corporation"/>
    <property name="java.home" value="D:\Program Files\Java\jdk1.8.0_151\jre"/>
    <property name="basedir" value="D:\IdeaWorkspace\trista\sso"/>
    <property name="file.separator" value="\"/>
    <property name="line.separator" value="&#10;"/>
    <property name="java.vm.specification.vendor" value="Oracle Corporation"/>
    <property name="java.specification.name" value="Java Platform API Specification"/>
    <property name="java.awt.graphicsenv" value="sun.awt.Win32GraphicsEnvironment"/>
    <property name="surefire.real.class.path" value="C:\Users\ADMINI~1\AppData\Local\Temp\surefire6631067424056572289\surefirebooter4307411212365193714.jar"/>
    <property name="sun.boot.class.path" value="D:\Program Files\Java\jdk1.8.0_151\jre\lib\resources.jar;D:\Program Files\Java\jdk1.8.0_151\jre\lib\rt.jar;D:\Program Files\Java\jdk1.8.0_151\jre\lib\sunrsasign.jar;D:\Program Files\Java\jdk1.8.0_151\jre\lib\jsse.jar;D:\Program Files\Java\jdk1.8.0_151\jre\lib\jce.jar;D:\Program Files\Java\jdk1.8.0_151\jre\lib\charsets.jar;D:\Program Files\Java\jdk1.8.0_151\jre\lib\jfr.jar;D:\Program Files\Java\jdk1.8.0_151\jre\classes"/>
    <property name="user.script" value=""/>
    <property name="sun.management.compiler" value="HotSpot 64-Bit Tiered Compilers"/>
    <property name="java.runtime.version" value="1.8.0_151-b12"/>
    <property name="user.name" value="Administrator"/>
    <property name="path.separator" value=";"/>
    <property name="os.version" value="10.0"/>
    <property name="java.endorsed.dirs" value="D:\Program Files\Java\jdk1.8.0_151\jre\lib\endorsed"/>
    <property name="java.runtime.name" value="Java(TM) SE Runtime Environment"/>
    <property name="file.encoding" value="GBK"/>
    <property name="java.vm.name" value="Java HotSpot(TM) 64-Bit Server VM"/>
    <property name="localRepository" value="d:\maven"/>
    <property name="java.vendor.url.bug" value="http://bugreport.sun.com/bugreport/"/>
    <property name="java.io.tmpdir" value="C:\Users\ADMINI~1\AppData\Local\Temp\"/>
    <property name="java.version" value="1.8.0_151"/>
    <property name="user.dir" value="D:\IdeaWorkspace\trista\sso"/>
    <property name="os.arch" value="amd64"/>
    <property name="java.vm.specification.name" value="Java Virtual Machine Specification"/>
    <property name="java.awt.printerjob" value="sun.awt.windows.WPrinterJob"/>
    <property name="idea.version2019.3.1" value="true"/>
    <property name="sun.os.patch.level" value=""/>
    <property name="java.library.path" value="D:\Program Files\Java\jdk1.8.0_151\jre\bin;C:\WINDOWS\Sun\Java\bin;C:\WINDOWS\system32;C:\WINDOWS;C:\WINDOWS\system32;C:\WINDOWS;C:\WINDOWS\System32\Wbem;C:\WINDOWS\System32\WindowsPowerShell\v1.0\;D:\Program Files\TortoiseSVN\bin;D:\apache-maven-3.5.3\bin;D:\Program Files\Java\jdk1.8.0_151\bin;D:\Program Files\nodejs\;D:\Program Files\Git\cmd;C:\Users\Administrator\AppData\Local\Programs\Python\Python37\Scripts\;C:\Users\Administrator\AppData\Local\Programs\Python\Python37\;C:\Users\Administrator\AppData\Local\Microsoft\WindowsApps;C:\Users\Administrator\AppData\Roaming\npm;D:\Program Files\JetBrains\PyCharm 2019.1.3\bin;D:\Program Files\JetBrains\IntelliJ IDEA 2019.3.1\bin;."/>
    <property name="java.vm.info" value="mixed mode"/>
    <property name="java.vendor" value="Oracle Corporation"/>
    <property name="java.vm.version" value="25.151-b12"/>
    <property name="java.ext.dirs" value="D:\Program Files\Java\jdk1.8.0_151\jre\lib\ext;C:\WINDOWS\Sun\Java\lib\ext"/>
    <property name="sun.io.unicode.encoding" value="UnicodeLittle"/>
    <property name="java.class.version" value="52.0"/>
  </properties>
  <testcase name="contextLoads" classname="com.example.sso.SsoApplicationTests" time="0.222"/>
</testsuite>